<?xml version="1.0" encoding="UTF-8"?>
<testng-results ignored="0" total="1" passed="1" failed="0" skipped="0">
  <reporter-output>
  </reporter-output>
  <suite started-at="2024-12-15T15:49:22 IST" name="Default suite" finished-at="2024-12-15T15:49:28 IST" duration-ms="5840">
    <groups>
    </groups>
    <test started-at="2024-12-15T15:49:22 IST" name="Default test" finished-at="2024-12-15T15:49:28 IST" duration-ms="5840">
      <class name="Chrometest">
        <test-method signature="chrome()[pri:0, instance:Chrometest@35047d03]" started-at="2024-12-15T15:49:22 IST" name="chrome" finished-at="2024-12-15T15:49:28 IST" duration-ms="5797" status="PASS">
          <reporter-output>
          </reporter-output>
        </test-method> <!-- chrome -->
      </class> <!-- Chrometest -->
    </test> <!-- Default test -->
  </suite> <!-- Default suite -->
</testng-results>
